<?xml version="1.0" encoding="UTF-8"?>
<!-- Generated by org.testng.reporters.JUnitXMLReporter -->
<testsuite ignored="0" hostname="user" failures="0" tests="2" name="Test2" time="0.048" errors="0" timestamp="2025-11-29T20:54:35 EET">
  <testcase classname="FirstProject.Mytestcases" name="signup" time="0.0">
    <skipped/>
  </testcase> <!-- signup -->
  <testcase classname="FirstProject.Mytestcases" name="login" time="0.0">
    <skipped/>
  </testcase> <!-- login -->
</testsuite> <!-- Test2 -->
